<?xml version="1.0" encoding="UTF-8"?>
<robot generator="Robot 7.0.1 (Python 3.12.4 on darwin)" generated="2024-07-01T18:09:11.635547" rpa="false" schemaversion="5">
<suite id="s1" name="Open App" source="/Users/shilpashreemr/PycharmProjects/AndriodProject/Tests/open_app.robot">
<test id="s1-t1" name="Open_App" line="5">
<kw name="Open Application" owner="AppiumLibrary">
<arg>http://localhost:4723/wd/hub</arg>
<arg>platformVersion=12</arg>
<arg>platformName=Android</arg>
<arg>appPackage=com.practo.fabric</arg>
<arg>appActivity=com.practo.fabric.LauncherAlias</arg>
<arg>automationName=Appium</arg>
<doc>Opens a new application to given Appium server.
Capabilities of appium server, Android and iOS,
Please check https://appium.io/docs/en/2.1/cli/args/
| *Option*            | *Man.* | *Description*     |
| remote_url          | Yes    | Appium server url |
| alias               | no     | alias             |
| strict_ssl          | No     | allows you to send commands to an invalid certificate host like a self-signed one. |</doc>
<status status="PASS" start="2024-07-01T18:09:11.890949" elapsed="15.136701"/>
</kw>
<kw name="Wait Until Element Is Visible" owner="AppiumLibrary">
<msg time="2024-07-01T18:09:30.224120" level="INFO">criteria is com.practo.fabric:id/login_help
criteria is com.practo.fabric:id/login_help
criteria is com.practo.fabric:id/login_help
criteria is com.practo.fabric:id/login_help
criteria is com.practo.fabric:id/login_help
criteria is com.practo.fabric:id/login_help
criteria is com.practo.fabric:id/login_help
criteria is com.practo.fabric:id/login_help
criteria is com.practo.fabric:id/login_help
criteria is com.practo.fabric:id/login_help</msg>
<arg>com.practo.fabric:id/login_help</arg>
<arg>20</arg>
<doc>Waits until element specified with `locator` is visible.</doc>
<status status="PASS" start="2024-07-01T18:09:27.028738" elapsed="3.195505"/>
</kw>
<kw name="Click Element" owner="AppiumLibrary">
<msg time="2024-07-01T18:09:30.225729" level="INFO">Clicking element 'com.practo.fabric:id/login_help'.</msg>
<msg time="2024-07-01T18:09:30.330016" level="INFO">criteria is com.practo.fabric:id/login_help</msg>
<arg>com.practo.fabric:id/login_help</arg>
<doc>Click element identified by `locator`.</doc>
<status status="PASS" start="2024-07-01T18:09:30.224490" elapsed="0.105600"/>
</kw>
<kw name="Wait Until Element Is Visible" owner="AppiumLibrary">
<msg time="2024-07-01T18:09:31.264303" level="INFO">criteria is com.practo.fabric:id/card_button
criteria is com.practo.fabric:id/card_button</msg>
<arg>com.practo.fabric:id/card_button</arg>
<arg>10</arg>
<doc>Waits until element specified with `locator` is visible.</doc>
<status status="PASS" start="2024-07-01T18:09:30.330282" elapsed="0.934122"/>
</kw>
<kw name="Click Element" owner="AppiumLibrary">
<msg time="2024-07-01T18:09:31.266101" level="INFO">Clicking element 'com.practo.fabric:id/card_button'.</msg>
<msg time="2024-07-01T18:09:31.407013" level="INFO">criteria is com.practo.fabric:id/card_button</msg>
<arg>com.practo.fabric:id/card_button</arg>
<doc>Click element identified by `locator`.</doc>
<status status="PASS" start="2024-07-01T18:09:31.264688" elapsed="0.142428"/>
</kw>
<kw name="Wait Until Element Is Visible" owner="AppiumLibrary">
<msg time="2024-07-01T18:09:32.347490" level="INFO">criteria is com.practo.fabric:id/email_edit_text</msg>
<arg>com.practo.fabric:id/email_edit_text</arg>
<arg>10</arg>
<doc>Waits until element specified with `locator` is visible.</doc>
<status status="PASS" start="2024-07-01T18:09:31.407397" elapsed="0.940209"/>
</kw>
<kw name="Input Text" owner="AppiumLibrary">
<msg time="2024-07-01T18:09:32.349360" level="INFO">Typing text 'mobile.practo+consult1@gmail.com' into text field 'com.practo.fabric:id/email_edit_text'</msg>
<msg time="2024-07-01T18:09:33.084280" level="INFO">criteria is com.practo.fabric:id/email_edit_text</msg>
<arg>com.practo.fabric:id/email_edit_text</arg>
<arg>mobile.practo+consult1@gmail.com</arg>
<doc>Types the given `text` into text field identified by `locator`.</doc>
<status status="PASS" start="2024-07-01T18:09:32.347964" elapsed="0.736416"/>
</kw>
<kw name="Input Text" owner="AppiumLibrary">
<msg time="2024-07-01T18:09:33.086157" level="INFO">Typing text 'practo@321' into text field 'com.practo.fabric:id/password_edit_text'</msg>
<msg time="2024-07-01T18:09:34.663314" level="INFO">criteria is com.practo.fabric:id/password_edit_text</msg>
<arg>com.practo.fabric:id/password_edit_text</arg>
<arg>practo@321</arg>
<doc>Types the given `text` into text field identified by `locator`.</doc>
<status status="PASS" start="2024-07-01T18:09:33.084653" elapsed="1.578762"/>
</kw>
<kw name="Click Element" owner="AppiumLibrary">
<msg time="2024-07-01T18:09:34.665114" level="INFO">Clicking element 'com.practo.fabric:id/continue_button'.</msg>
<msg time="2024-07-01T18:09:35.328317" level="INFO">criteria is com.practo.fabric:id/continue_button</msg>
<arg>com.practo.fabric:id/continue_button</arg>
<doc>Click element identified by `locator`.</doc>
<status status="PASS" start="2024-07-01T18:09:34.663699" elapsed="0.664720"/>
</kw>
<kw name="Wait Until Element Is Visible" owner="AppiumLibrary">
<msg time="2024-07-01T18:09:40.762075" level="INFO">criteria is com.practo.fabric:id/close
criteria is com.practo.fabric:id/close
criteria is com.practo.fabric:id/close
criteria is com.practo.fabric:id/close</msg>
<arg>com.practo.fabric:id/close</arg>
<arg>15</arg>
<doc>Waits until element specified with `locator` is visible.</doc>
<status status="PASS" start="2024-07-01T18:09:35.328740" elapsed="5.433436"/>
</kw>
<kw name="Click Element" owner="AppiumLibrary">
<msg time="2024-07-01T18:09:40.763922" level="INFO">Clicking element 'com.practo.fabric:id/close'.</msg>
<msg time="2024-07-01T18:09:41.159268" level="INFO">criteria is com.practo.fabric:id/close</msg>
<arg>com.practo.fabric:id/close</arg>
<doc>Click element identified by `locator`.</doc>
<status status="PASS" start="2024-07-01T18:09:40.762456" elapsed="0.396915"/>
</kw>
<kw name="Wait Until Element Is Visible" owner="AppiumLibrary">
<msg time="2024-07-01T18:09:43.260394" level="INFO">criteria is com.practo.fabric:id/home_search_bar_text_view</msg>
<arg>com.practo.fabric:id/home_search_bar_text_view</arg>
<arg>10</arg>
<doc>Waits until element specified with `locator` is visible.</doc>
<status status="PASS" start="2024-07-01T18:09:41.159649" elapsed="2.100844"/>
</kw>
<kw name="Click Element" owner="AppiumLibrary">
<msg time="2024-07-01T18:09:43.262296" level="INFO">Clicking element 'com.practo.fabric:id/home_search_bar_text_view'.</msg>
<msg time="2024-07-01T18:09:43.530920" level="INFO">criteria is com.practo.fabric:id/home_search_bar_text_view</msg>
<arg>com.practo.fabric:id/home_search_bar_text_view</arg>
<doc>Click element identified by `locator`.</doc>
<status status="PASS" start="2024-07-01T18:09:43.260782" elapsed="0.270211"/>
</kw>
<kw name="Wait Until Element Is Visible" owner="AppiumLibrary">
<msg time="2024-07-01T18:09:45.550468" level="INFO">xpath criteria: //android.widget.EditText[@resource-id="com.practo.fabric:id/search_bar"]
xpath criteria: //android.widget.EditText[@resource-id="com.practo.fabric:id/search_bar"]</msg>
<arg>//android.widget.EditText[@resource-id="com.practo.fabric:id/search_bar"]</arg>
<arg>10</arg>
<doc>Waits until element specified with `locator` is visible.</doc>
<status status="PASS" start="2024-07-01T18:09:43.531173" elapsed="2.019397"/>
</kw>
<kw name="Input Text" owner="AppiumLibrary">
<msg time="2024-07-01T18:09:45.552272" level="INFO">Typing text 'dentist' into text field '//android.widget.EditText[@resource-id="com.practo.fabric:id/search_bar"]'</msg>
<msg time="2024-07-01T18:09:47.138682" level="INFO">xpath criteria: //android.widget.EditText[@resource-id="com.practo.fabric:id/search_bar"]</msg>
<arg>//android.widget.EditText[@resource-id="com.practo.fabric:id/search_bar"]</arg>
<arg>dentist</arg>
<doc>Types the given `text` into text field identified by `locator`.</doc>
<status status="PASS" start="2024-07-01T18:09:45.550846" elapsed="1.587921"/>
</kw>
<kw name="Wait Until Element Is Visible" owner="AppiumLibrary">
<msg time="2024-07-01T18:09:49.166928" level="INFO">xpath criteria: //androidx.recyclerview.widget.RecyclerView[@resource-id="com.practo.fabric:id/recycler_view_list"]/android.view.ViewGroup[1]/android.widget.LinearLayout/android.widget.LinearLayout</msg>
<arg>//androidx.recyclerview.widget.RecyclerView[@resource-id="com.practo.fabric:id/recycler_view_list"]/android.view.ViewGroup[1]/android.widget.LinearLayout/android.widget.LinearLayout</arg>
<arg>10</arg>
<doc>Waits until element specified with `locator` is visible.</doc>
<status status="PASS" start="2024-07-01T18:09:47.138996" elapsed="2.028147"/>
</kw>
<kw name="Click Element" owner="AppiumLibrary">
<msg time="2024-07-01T18:09:49.168805" level="INFO">Clicking element '//androidx.recyclerview.widget.RecyclerView[@resource-id="com.practo.fabric:id/recycler_view_list"]/android.view.ViewGroup[1]/android.widget.LinearLayout/android.widget.LinearLayout'.</msg>
<msg time="2024-07-01T18:09:49.383071" level="INFO">xpath criteria: //androidx.recyclerview.widget.RecyclerView[@resource-id="com.practo.fabric:id/recycler_view_list"]/android.view.ViewGroup[1]/android.widget.LinearLayout/android.widget.LinearLayout</msg>
<arg>//androidx.recyclerview.widget.RecyclerView[@resource-id="com.practo.fabric:id/recycler_view_list"]/android.view.ViewGroup[1]/android.widget.LinearLayout/android.widget.LinearLayout</arg>
<doc>Click element identified by `locator`.</doc>
<status status="PASS" start="2024-07-01T18:09:49.167417" elapsed="0.215757"/>
</kw>
<kw name="Wait Until Element Is Visible" owner="AppiumLibrary">
<msg time="2024-07-01T18:09:51.093940" level="INFO">xpath criteria: //android.view.View[@content-desc="Book In-clinic Appointment. Book an appointment with a top dentist"]
xpath criteria: //android.view.View[@content-desc="Book In-clinic Appointment. Book an appointment with a top dentist"]</msg>
<arg>//android.view.View[@content-desc="Book In-clinic Appointment. Book an appointment with a top dentist"]</arg>
<doc>Waits until element specified with `locator` is visible.</doc>
<status status="PASS" start="2024-07-01T18:09:49.383579" elapsed="1.710465"/>
</kw>
<kw name="Click Element" owner="AppiumLibrary">
<msg time="2024-07-01T18:09:51.095713" level="INFO">Clicking element '//android.view.View[@content-desc="Book In-clinic Appointment. Book an appointment with a top dentist"]'.</msg>
<msg time="2024-07-01T18:09:51.401251" level="INFO">xpath criteria: //android.view.View[@content-desc="Book In-clinic Appointment. Book an appointment with a top dentist"]</msg>
<arg>//android.view.View[@content-desc="Book In-clinic Appointment. Book an appointment with a top dentist"]</arg>
<doc>Click element identified by `locator`.</doc>
<status status="PASS" start="2024-07-01T18:09:51.094317" elapsed="0.307035"/>
</kw>
<kw name="Wait Until Element Is Visible" owner="AppiumLibrary">
<msg time="2024-07-01T18:09:56.099051" level="INFO">criteria is com.practo.fabric:id/layout_item_listing_doctor_card_info
criteria is com.practo.fabric:id/layout_item_listing_doctor_card_info
criteria is com.practo.fabric:id/layout_item_listing_doctor_card_info
criteria is com.practo.fabric:id/layout_item_listing_doctor_card_info
criteria is com.practo.fabric:id/layout_item_listing_doctor_card_info
criteria is com.practo.fabric:id/layout_item_listing_doctor_card_info
criteria is com.practo.fabric:id/layout_item_listing_doctor_card_info</msg>
<arg>com.practo.fabric:id/layout_item_listing_doctor_card_info</arg>
<arg>10</arg>
<doc>Waits until element specified with `locator` is visible.</doc>
<status status="PASS" start="2024-07-01T18:09:51.401624" elapsed="4.697537"/>
</kw>
<kw name="Click Element" owner="AppiumLibrary">
<msg time="2024-07-01T18:09:56.100845" level="INFO">Clicking element 'com.practo.fabric:id/layout_item_listing_doctor_card_info'.</msg>
<msg time="2024-07-01T18:09:56.283131" level="INFO">criteria is com.practo.fabric:id/layout_item_listing_doctor_card_info</msg>
<arg>com.practo.fabric:id/layout_item_listing_doctor_card_info</arg>
<doc>Click element identified by `locator`.</doc>
<status status="PASS" start="2024-07-01T18:09:56.099436" elapsed="0.183811"/>
</kw>
<kw name="Wait Until Element Is Visible" owner="AppiumLibrary">
<msg time="2024-07-01T18:10:01.193846" level="INFO">criteria is com.practo.fabric:id/text_view_all_slots
criteria is com.practo.fabric:id/text_view_all_slots
criteria is com.practo.fabric:id/text_view_all_slots</msg>
<arg>com.practo.fabric:id/text_view_all_slots</arg>
<arg>10</arg>
<doc>Waits until element specified with `locator` is visible.</doc>
<status status="PASS" start="2024-07-01T18:09:56.283584" elapsed="4.910366"/>
</kw>
<kw name="Click Element" owner="AppiumLibrary">
<msg time="2024-07-01T18:10:01.195674" level="INFO">Clicking element 'com.practo.fabric:id/text_view_all_slots'.</msg>
<msg time="2024-07-01T18:10:01.699945" level="INFO">criteria is com.practo.fabric:id/text_view_all_slots</msg>
<arg>com.practo.fabric:id/text_view_all_slots</arg>
<doc>Click element identified by `locator`.</doc>
<status status="PASS" start="2024-07-01T18:10:01.194221" elapsed="0.505865"/>
</kw>
<kw name="Wait Until Element Is Visible" owner="AppiumLibrary">
<msg time="2024-07-01T18:10:03.337283" level="INFO">criteria is com.practo.fabric:id/slot_info
criteria is com.practo.fabric:id/slot_info</msg>
<arg>com.practo.fabric:id/slot_info</arg>
<arg>10</arg>
<doc>Waits until element specified with `locator` is visible.</doc>
<status status="PASS" start="2024-07-01T18:10:01.700312" elapsed="1.637076"/>
</kw>
<kw name="Click Element" owner="AppiumLibrary">
<msg time="2024-07-01T18:10:03.339123" level="INFO">Clicking element 'com.practo.fabric:id/slot_info'.</msg>
<msg time="2024-07-01T18:10:03.556095" level="INFO">criteria is com.practo.fabric:id/slot_info</msg>
<arg>com.practo.fabric:id/slot_info</arg>
<doc>Click element identified by `locator`.</doc>
<status status="PASS" start="2024-07-01T18:10:03.337663" elapsed="0.218534"/>
</kw>
<status status="PASS" start="2024-07-01T18:09:11.890348" elapsed="51.666168"/>
</test>
<status status="PASS" start="2024-07-01T18:09:11.637630" elapsed="51.920426"/>
</suite>
<statistics>
<total>
<stat pass="1" fail="0" skip="0">All Tests</stat>
</total>
<tag>
</tag>
<suite>
<stat pass="1" fail="0" skip="0" id="s1" name="Open App">Open App</stat>
</suite>
</statistics>
<errors>
</errors>
</robot>
